[21:35:21] [main/INFO]: Loading Minecraft 1.21.1 with Fabric Loader 0.16.3
[21:35:21] [main/INFO]: Loading 4 mods:
	- fabricloader 0.16.3
	   \-- mixinextras 0.4.1
	- java 21
	- minecraft 1.21.1
[21:35:21] [main/INFO]: SpongePowered MIXIN Subsystem Version=0.8.7 Source=file:/workspaces/adsss/servidor_minecraft/libraries/net/fabricmc/sponge-mixin/0.15.2+mixin.0.8.7/sponge-mixin-0.15.2+mixin.0.8.7.jar Service=Knot/Fabric Env=SERVER
[21:35:39] [main/INFO]: Environment: Environment[sessionHost=https://sessionserver.mojang.com, servicesHost=https://api.minecraftservices.com, name=PROD]
[21:35:43] [main/INFO]: No existing world data, creating new world
[21:35:45] [main/INFO]: Loaded 1290 recipes
[21:35:46] [main/INFO]: Loaded 1399 advancements
[21:35:47] [Server thread/INFO]: Starting minecraft server version 1.21.1
[21:35:47] [Server thread/INFO]: Loading properties
[21:35:47] [Server thread/INFO]: Default game type: SURVIVAL
[21:35:47] [Server thread/INFO]: Generating keypair
[21:35:47] [Server thread/INFO]: Starting Minecraft server on *:25565
[21:35:48] [Server thread/INFO]: Using epoll channel type
[21:35:48] [Server thread/WARN]: **** SERVER IS RUNNING IN OFFLINE/INSECURE MODE!
[21:35:48] [Server thread/WARN]: The server will make no attempt to authenticate usernames. Beware.
[21:35:48] [Server thread/WARN]: While this makes the game possible to play without internet access, it also opens up the ability for hackers to connect with any username they choose.
[21:35:48] [Server thread/WARN]: To change this, set "online-mode" to "true" in the server.properties file.
[21:35:48] [Server thread/INFO]: Preparing level "world"
[21:36:10] [Server thread/INFO]: Preparing start region for dimension minecraft:overworld
[21:36:10] [Worker-Main-2/INFO]: Preparing spawn area: 2%
[21:36:10] [Worker-Main-2/INFO]: Preparing spawn area: 2%
[21:36:11] [Worker-Main-2/INFO]: Preparing spawn area: 2%
[21:36:11] [Worker-Main-2/INFO]: Preparing spawn area: 2%
[21:36:12] [Worker-Main-2/INFO]: Preparing spawn area: 2%
[21:36:13] [Worker-Main-2/INFO]: Preparing spawn area: 2%
[21:36:13] [Worker-Main-2/INFO]: Preparing spawn area: 2%
[21:36:13] [Worker-Main-2/INFO]: Preparing spawn area: 2%
[21:36:14] [Worker-Main-2/INFO]: Preparing spawn area: 2%
[21:36:14] [Worker-Main-2/INFO]: Preparing spawn area: 2%
[21:36:15] [Worker-Main-2/INFO]: Preparing spawn area: 2%
[21:36:15] [Worker-Main-2/INFO]: Preparing spawn area: 2%
[21:36:16] [Worker-Main-2/INFO]: Preparing spawn area: 2%
[21:36:17] [Worker-Main-2/INFO]: Preparing spawn area: 2%
[21:36:17] [Worker-Main-2/INFO]: Preparing spawn area: 2%
[21:36:18] [Worker-Main-2/INFO]: Preparing spawn area: 2%
[21:36:18] [Worker-Main-2/INFO]: Preparing spawn area: 2%
[21:36:18] [Worker-Main-2/INFO]: Preparing spawn area: 2%
[21:36:19] [Worker-Main-2/INFO]: Preparing spawn area: 2%
[21:36:19] [Worker-Main-2/INFO]: Preparing spawn area: 2%
[21:36:20] [Worker-Main-2/INFO]: Preparing spawn area: 2%
[21:36:20] [Worker-Main-2/INFO]: Preparing spawn area: 2%
[21:36:21] [Worker-Main-2/INFO]: Preparing spawn area: 2%
[21:36:21] [Worker-Main-2/INFO]: Preparing spawn area: 2%
[21:36:22] [Worker-Main-2/INFO]: Preparing spawn area: 20%
[21:36:22] [Worker-Main-2/INFO]: Preparing spawn area: 30%
[21:36:23] [Worker-Main-2/INFO]: Preparing spawn area: 30%
[21:36:24] [Worker-Main-2/INFO]: Preparing spawn area: 32%
[21:36:24] [Worker-Main-2/INFO]: Preparing spawn area: 32%
[21:36:24] [Worker-Main-2/INFO]: Preparing spawn area: 32%
[21:36:25] [Worker-Main-2/INFO]: Preparing spawn area: 32%
[21:36:25] [Worker-Main-2/INFO]: Preparing spawn area: 32%
[21:36:26] [Worker-Main-2/INFO]: Preparing spawn area: 32%
[21:36:26] [Worker-Main-2/INFO]: Preparing spawn area: 32%
[21:36:27] [Worker-Main-2/INFO]: Preparing spawn area: 32%
[21:36:27] [Worker-Main-2/INFO]: Preparing spawn area: 32%
[21:36:28] [Worker-Main-2/INFO]: Preparing spawn area: 32%
[21:36:29] [Worker-Main-2/INFO]: Preparing spawn area: 51%
[21:36:29] [Server thread/INFO]: Time elapsed: 19062 ms
[21:36:29] [Server thread/INFO]: Done (41.145s)! For help, type "help"
